2020-04-15 15:54:09 [main] INFO  prokhorenko.shapes.reader.util.FileUtil - Lines were read
2020-04-15 15:54:09 [main] INFO  prokhorenko.shapes.reader.impl.FileTriangleReader - Correct lines for parsing were selected[4 5 8 2 9 1, 65 34 32 49 21 43]
2020-04-15 15:54:09 [main] INFO  prokhorenko.shapes.util.parser.Parser - Points are parsed
2020-04-15 15:54:09 [main] INFO  prokhorenko.shapes.service.impl.TriangleServiceImpl - Perimeter of Triangle{id=1, firstTop=Point{x=4.0, y=5.0}, secondTop=Point{x=8.0, y=2.0}, thirdTop=Point{x=9.0, y=1.0}} is 12.817337799805944
2020-04-15 15:54:09 [main] INFO  prokhorenko.shapes.service.impl.TriangleServiceImpl - Area of Triangle{id=1, firstTop=Point{x=4.0, y=5.0}, secondTop=Point{x=8.0, y=2.0}, thirdTop=Point{x=9.0, y=1.0}} is 0.5000000000000208
2020-04-15 15:54:09 [main] INFO  prokhorenko.shapes.service.impl.TriangleServiceImpl - Perimeter of Triangle{id=1, firstTop=Point{x=4.0, y=5.0}, secondTop=Point{x=8.0, y=2.0}, thirdTop=Point{x=9.0, y=1.0}} is 12.817337799805944
2020-04-15 15:54:09 [main] INFO  by.prokhorenko.shapes.observer.TriangleWareHouse - Triangle with id: 1 was updated with such parameters: TriangleParameters{area=0.5000000000000208, perimeter=12.817337799805944}
2020-04-15 15:54:09 [main] INFO  prokhorenko.shapes.util.parser.Parser - Triangle is created
2020-04-15 15:54:09 [main] INFO  prokhorenko.shapes.util.parser.Parser - Points are parsed
2020-04-15 15:54:09 [main] INFO  prokhorenko.shapes.service.impl.TriangleServiceImpl - Perimeter of Triangle{id=2, firstTop=Point{x=65.0, y=34.0}, secondTop=Point{x=32.0, y=49.0}, thirdTop=Point{x=21.0, y=43.0}} is 93.69012515269662
2020-04-15 15:54:09 [main] INFO  prokhorenko.shapes.service.impl.TriangleServiceImpl - Area of Triangle{id=2, firstTop=Point{x=65.0, y=34.0}, secondTop=Point{x=32.0, y=49.0}, thirdTop=Point{x=21.0, y=43.0}} is 181.50000000000003
2020-04-15 15:54:09 [main] INFO  prokhorenko.shapes.service.impl.TriangleServiceImpl - Perimeter of Triangle{id=2, firstTop=Point{x=65.0, y=34.0}, secondTop=Point{x=32.0, y=49.0}, thirdTop=Point{x=21.0, y=43.0}} is 93.69012515269662
2020-04-15 15:54:09 [main] INFO  by.prokhorenko.shapes.observer.TriangleWareHouse - Triangle with id: 2 was updated with such parameters: TriangleParameters{area=181.50000000000003, perimeter=93.69012515269662}
2020-04-15 15:54:09 [main] INFO  prokhorenko.shapes.util.parser.Parser - Triangle is created
2020-04-15 15:59:48 [main] INFO  prokhorenko.shapes.reader.impl.FileTriangleReader - Came path is correct
2020-04-15 15:59:48 [main] INFO  prokhorenko.shapes.reader.util.FileUtil - Lines were read
2020-04-15 15:59:48 [main] INFO  prokhorenko.shapes.reader.impl.FileTriangleReader - Correct lines for parsing were selected[4 5 8 2 9 1, 65 34 32 49 21 43]
2020-04-15 15:59:48 [main] INFO  prokhorenko.shapes.util.parser.Parser - Points are parsed
2020-04-15 15:59:48 [main] INFO  prokhorenko.shapes.service.impl.TriangleServiceImpl - Perimeter of Triangle{id=1, firstTop=Point{x=4.0, y=5.0}, secondTop=Point{x=8.0, y=2.0}, thirdTop=Point{x=9.0, y=1.0}} is 12.817337799805944
2020-04-15 15:59:48 [main] INFO  prokhorenko.shapes.service.impl.TriangleServiceImpl - Area of Triangle{id=1, firstTop=Point{x=4.0, y=5.0}, secondTop=Point{x=8.0, y=2.0}, thirdTop=Point{x=9.0, y=1.0}} is 0.5000000000000208
2020-04-15 15:59:48 [main] INFO  prokhorenko.shapes.service.impl.TriangleServiceImpl - Perimeter of Triangle{id=1, firstTop=Point{x=4.0, y=5.0}, secondTop=Point{x=8.0, y=2.0}, thirdTop=Point{x=9.0, y=1.0}} is 12.817337799805944
2020-04-15 15:59:48 [main] INFO  by.prokhorenko.shapes.observer.TriangleWareHouse - Triangle with id: 1 was updated with such parameters: TriangleParameters{area=0.5000000000000208, perimeter=12.817337799805944}
2020-04-15 15:59:48 [main] INFO  prokhorenko.shapes.util.parser.Parser - Triangle is created
2020-04-15 15:59:48 [main] INFO  prokhorenko.shapes.util.parser.Parser - Points are parsed
2020-04-15 15:59:48 [main] INFO  prokhorenko.shapes.service.impl.TriangleServiceImpl - Perimeter of Triangle{id=2, firstTop=Point{x=65.0, y=34.0}, secondTop=Point{x=32.0, y=49.0}, thirdTop=Point{x=21.0, y=43.0}} is 93.69012515269662
2020-04-15 15:59:48 [main] INFO  prokhorenko.shapes.service.impl.TriangleServiceImpl - Area of Triangle{id=2, firstTop=Point{x=65.0, y=34.0}, secondTop=Point{x=32.0, y=49.0}, thirdTop=Point{x=21.0, y=43.0}} is 181.50000000000003
2020-04-15 15:59:48 [main] INFO  prokhorenko.shapes.service.impl.TriangleServiceImpl - Perimeter of Triangle{id=2, firstTop=Point{x=65.0, y=34.0}, secondTop=Point{x=32.0, y=49.0}, thirdTop=Point{x=21.0, y=43.0}} is 93.69012515269662
2020-04-15 15:59:48 [main] INFO  by.prokhorenko.shapes.observer.TriangleWareHouse - Triangle with id: 2 was updated with such parameters: TriangleParameters{area=181.50000000000003, perimeter=93.69012515269662}
2020-04-15 15:59:48 [main] INFO  prokhorenko.shapes.util.parser.Parser - Triangle is created
2020-04-15 16:00:21 [main] INFO  prokhorenko.shapes.reader.impl.FileTriangleReader - The path was changed on a default path
2020-04-15 16:00:21 [main] INFO  prokhorenko.shapes.reader.util.FileUtil - Lines were read
2020-04-15 16:00:21 [main] INFO  prokhorenko.shapes.reader.impl.FileTriangleReader - Correct lines for parsing were selected[5 6 3 3 10 1]
2020-04-15 16:00:21 [main] INFO  prokhorenko.shapes.util.parser.Parser - Points are parsed
2020-04-15 16:00:21 [main] INFO  prokhorenko.shapes.service.impl.TriangleServiceImpl - Perimeter of Triangle{id=1, firstTop=Point{x=5.0, y=6.0}, secondTop=Point{x=3.0, y=3.0}, thirdTop=Point{x=10.0, y=1.0}} is 17.95672897660998
2020-04-15 16:00:21 [main] INFO  prokhorenko.shapes.service.impl.TriangleServiceImpl - Area of Triangle{id=1, firstTop=Point{x=5.0, y=6.0}, secondTop=Point{x=3.0, y=3.0}, thirdTop=Point{x=10.0, y=1.0}} is 12.49999999999999
2020-04-15 16:00:21 [main] INFO  prokhorenko.shapes.service.impl.TriangleServiceImpl - Perimeter of Triangle{id=1, firstTop=Point{x=5.0, y=6.0}, secondTop=Point{x=3.0, y=3.0}, thirdTop=Point{x=10.0, y=1.0}} is 17.95672897660998
2020-04-15 16:00:21 [main] INFO  by.prokhorenko.shapes.observer.TriangleWareHouse - Triangle with id: 1 was updated with such parameters: TriangleParameters{area=12.49999999999999, perimeter=17.95672897660998}
2020-04-15 16:00:21 [main] INFO  prokhorenko.shapes.util.parser.Parser - Triangle is created
2020-04-15 16:00:34 [main] INFO  prokhorenko.shapes.reader.impl.FileTriangleReader - The path was changed on a default path
2020-04-15 16:00:34 [main] INFO  prokhorenko.shapes.reader.util.FileUtil - Lines were read
2020-04-15 16:00:34 [main] INFO  prokhorenko.shapes.reader.impl.FileTriangleReader - Correct lines for parsing were selected[5 6 3 3 10 1]
2020-04-15 16:00:34 [main] INFO  prokhorenko.shapes.util.parser.Parser - Points are parsed
2020-04-15 16:00:34 [main] INFO  prokhorenko.shapes.service.impl.TriangleServiceImpl - Perimeter of Triangle{id=1, firstTop=Point{x=5.0, y=6.0}, secondTop=Point{x=3.0, y=3.0}, thirdTop=Point{x=10.0, y=1.0}} is 17.95672897660998
2020-04-15 16:00:34 [main] INFO  prokhorenko.shapes.service.impl.TriangleServiceImpl - Area of Triangle{id=1, firstTop=Point{x=5.0, y=6.0}, secondTop=Point{x=3.0, y=3.0}, thirdTop=Point{x=10.0, y=1.0}} is 12.49999999999999
2020-04-15 16:00:34 [main] INFO  prokhorenko.shapes.service.impl.TriangleServiceImpl - Perimeter of Triangle{id=1, firstTop=Point{x=5.0, y=6.0}, secondTop=Point{x=3.0, y=3.0}, thirdTop=Point{x=10.0, y=1.0}} is 17.95672897660998
2020-04-15 16:00:34 [main] INFO  by.prokhorenko.shapes.observer.TriangleWareHouse - Triangle with id: 1 was updated with such parameters: TriangleParameters{area=12.49999999999999, perimeter=17.95672897660998}
2020-04-15 16:00:34 [main] INFO  prokhorenko.shapes.util.parser.Parser - Triangle is created
